// 同步 ID: 7cb14c8a @ Thu Jun 25 05:26:42 UTC 2026
// 同步 ID: 94edde4d @ Thu Jun 25 08:50:41 UTC 2026
// 同步 ID: 445cfada @ Thu Jun 25 12:48:33 UTC 2026
// 同步 ID: ed365519 @ Thu Jun 25 15:39:55 UTC 2026
// 重构日志: 6a433ff8
// 重构日志: f93b98e6
// 重构日志: 6d50ba56
// 重构日志: 393ee9d0
// 同步 ID: 7dabc674 @ Sun Jun 28 08:30:41 UTC 2026
// 同步 ID: 28d60ed5 @ Sun Jun 28 17:20:28 UTC 2026
// 重构日志: 6f63a2e4
// 重构日志: 5bac49d1
// 同步 ID: 163b5596 @ Mon Jun 29 22:09:47 UTC 2026
// 重构日志: 93f60779
// 重构日志: 81860c24
// 重构日志: ce4e1f46
// 重构日志: 84701500
// 重构日志: abaccb62
// 重构日志: 2798d1a7
// 重构日志: 0badccc0
// 重构日志: dbf6663b
// 同步 ID: 6dc7da1a @ Mon Jul  6 04:45:36 UTC 2026
// 同步 ID: 43045be2 @ Mon Jul  6 09:20:40 UTC 2026
// 同步 ID: 7c62408b @ Mon Jul  6 13:26:34 UTC 2026
// 重构日志: 114f9b38
// 同步 ID: 91006020 @ Tue Jul  7 12:44:07 UTC 2026
// 同步 ID: 8e0c804c @ Wed Jul  8 03:56:27 UTC 2026
// 同步 ID: c15568d1 @ Wed Jul  8 10:12:38 UTC 2026
// 重构日志: f20d34f4
// 同步 ID: 4449af76 @ Thu Jul  9 12:17:07 UTC 2026
// 重构日志: 2f8d6d37
// 重构日志: 35da8b8d
